22:52:16,159  INFO Project:212 - Following web pages number will be downloaded: 5
22:56:17,907  INFO Project:208 - Following web pages number will be downloaded: 5
22:58:12,995  INFO Project:208 - Following web pages number will be downloaded: 5
22:59:12,054  INFO Project:208 - Following web pages number will be downloaded: 5
23:00:10,702  INFO Project:208 - Following web pages number will be downloaded: 5
23:09:14,000  INFO Project:210 - Following web pages number will be downloaded: 5
23:15:26,792  INFO Project:210 - Following web pages number will be downloaded: 5
23:17:37,112  INFO Project:212 - Following web pages number will be downloaded: 5
23:18:36,513  INFO Project:212 - Following web pages number will be downloaded: 5
23:20:48,824  INFO Project:214 - Following web pages number will be downloaded: 5
23:28:08,567  INFO Project:214 - Following web pages number will be downloaded: 5
23:28:17,462  INFO Project:248 - Project: W¹tek nr0 pobra³: 100557 znaków
23:28:17,463  INFO Project:248 - Project: W¹tek nr1 pobra³: 100419 znaków
23:28:17,464  INFO Project:248 - Project: W¹tek nr2 pobra³: 100035 znaków
23:28:17,464  INFO Project:248 - Project: W¹tek nr3 pobra³: 100293 znaków
23:28:17,465  INFO Project:248 - Project: W¹tek nr4 pobra³: 100240 znaków
23:28:17,467  INFO Project:257 - Project: Zamknieto FixedThreadPool
23:28:34,508  INFO Project:214 - Following web pages number will be downloaded: 5
23:28:36,311  INFO Project:248 - Project: W¹tek nr0 pobra³: 100598 znaków
23:28:36,312  INFO Project:248 - Project: W¹tek nr1 pobra³: 100502 znaków
23:28:36,313  INFO Project:248 - Project: W¹tek nr2 pobra³: 99901 znaków
23:28:36,314  INFO Project:248 - Project: W¹tek nr3 pobra³: 100696 znaków
23:28:36,314  INFO Project:248 - Project: W¹tek nr4 pobra³: 100448 znaków
23:28:36,315  INFO Project:257 - Project: Zamknieto FixedThreadPool
23:32:35,733  INFO Project:188 - Project: Poprawenie zaincjalizowano - czekam na instrukcje.
23:36:42,622  INFO Project:188 - Project: Poprawenie zaincjalizowano - czekam na instrukcje.
23:36:45,054  INFO Project:214 - Following web pages number will be downloaded: 5
23:36:49,695  INFO Project:248 - Project: W¹tek nr0 pobra³: 100449 znaków
23:36:49,697  INFO Project:248 - Project: W¹tek nr1 pobra³: 100228 znaków
23:36:49,697  INFO Project:248 - Project: W¹tek nr2 pobra³: 100365 znaków
23:36:49,698  INFO Project:248 - Project: W¹tek nr3 pobra³: 100466 znaków
23:36:49,698  INFO Project:248 - Project: W¹tek nr4 pobra³: 100022 znaków
23:37:16,675  INFO Project:188 - Project: Poprawenie zaincjalizowano - czekam na instrukcje.
23:37:19,126  INFO Project:214 - Following web pages number will be downloaded: 1
23:37:22,366  INFO Project:248 - Project: W¹tek nr0 pobra³: 100189 znaków
23:38:10,168  INFO Project:188 - Project: Poprawenie zaincjalizowano - czekam na instrukcje.
23:38:11,951  INFO Project:214 - Following web pages number will be downloaded: 1
23:38:15,150  INFO Project:248 - Project: W¹tek nr0 pobra³: 100135 znaków
23:41:23,299  INFO Project:188 - Project: Poprawenie zaincjalizowano - czekam na instrukcje.
23:41:25,363  INFO Project:214 - Following web pages number will be downloaded: 1
23:41:29,156  INFO Project:248 - Project: W¹tek nr0 pobra³: 100467 znaków
23:42:10,576  INFO Project:188 - Project: Poprawenie zaincjalizowano - czekam na instrukcje.
23:42:18,949  INFO Project:188 - Project: Poprawenie zaincjalizowano - czekam na instrukcje.
23:42:21,576  INFO Project:214 - Following web pages number will be downloaded: 1
23:42:24,934  INFO Project:248 - Project: W¹tek nr0 pobra³: 100308 znaków
23:43:11,866  INFO Project:188 - Project: Poprawenie zaincjalizowano - czekam na instrukcje.
23:43:14,029  INFO Project:214 - Following web pages number will be downloaded: 1
23:43:17,269  INFO Project:248 - Project: W¹tek nr0 pobra³: 99949 znaków
23:43:25,914  INFO Project:188 - Project: Poprawenie zaincjalizowano - czekam na instrukcje.
23:43:27,978  INFO Project:214 - Following web pages number will be downloaded: 1
23:43:31,250  INFO Project:248 - Project: W¹tek nr0 pobra³: 100200 znaków
23:43:40,090  INFO Project:188 - Project: Poprawenie zaincjalizowano - czekam na instrukcje.
23:43:42,370  INFO Project:214 - Following web pages number will be downloaded: 1
23:43:45,679  INFO Project:248 - Project: W¹tek nr0 pobra³: 100409 znaków
23:43:55,597  INFO Project:188 - Project: Poprawenie zaincjalizowano - czekam na instrukcje.
23:43:58,245  INFO Project:214 - Following web pages number will be downloaded: 1
23:44:01,773  INFO Project:248 - Project: W¹tek nr0 pobra³: 100093 znaków
23:44:12,045  INFO Project:188 - Project: Poprawenie zaincjalizowano - czekam na instrukcje.
23:44:14,709  INFO Project:214 - Following web pages number will be downloaded: 1
23:44:17,831  INFO Project:248 - Project: W¹tek nr0 pobra³: 100183 znaków
23:45:16,692  INFO Project:189 - Project: Poprawenie zaincjalizowano - czekam na instrukcje.
23:45:19,139  INFO Project:215 - Following web pages number will be downloaded: 1
23:45:22,586  INFO Project:249 - Project: W¹tek nr0 pobra³: 100277 znaków
23:45:41,575  INFO Project:188 - Project: Poprawenie zaincjalizowano - czekam na instrukcje.
23:45:44,925 ERROR Project:317 - "Wczytaj Strony": Blad przy otwieraniu pliku
23:45:44,926  INFO Project:318 - "Wczytaj Strony": Przywrócono domyœln¹ nazwê pliku
23:45:53,650  INFO Project:313 - "Wczytaj Strony": Pomyslnie zaimportowano 3 adresow.
23:45:59,099  INFO Project:226 - "Dodaj Strone": Pomyslnie dodano stronê do pliku.
23:46:01,732  INFO Project:313 - "Wczytaj Strony": Pomyslnie zaimportowano 3 adresow.
23:48:30,931  INFO Project:188 - Project: Poprawenie zaincjalizowano - czekam na instrukcje.
23:49:14,198  INFO Project:188 - Project: Poprawenie zaincjalizowano - czekam na instrukcje.
23:49:16,140  INFO Project:214 - Following web pages number will be downloaded: 17
23:49:20,915  INFO Project:248 - Project: W¹tek nr0 pobra³: 89463 znaków
23:49:20,916  INFO Project:248 - Project: W¹tek nr1 pobra³: 16140 znaków
23:49:20,916  INFO Project:248 - Project: W¹tek nr2 pobra³: 21327 znaków
23:49:20,916  INFO Project:248 - Project: W¹tek nr3 pobra³: 89463 znaków
23:49:20,917  INFO Project:248 - Project: W¹tek nr4 pobra³: 16140 znaków
23:49:20,917  INFO Project:248 - Project: W¹tek nr5 pobra³: 89463 znaków
23:49:20,917  INFO Project:248 - Project: W¹tek nr6 pobra³: 16140 znaków
23:49:20,918  INFO Project:248 - Project: W¹tek nr7 pobra³: 89463 znaków
23:49:20,918  INFO Project:248 - Project: W¹tek nr8 pobra³: 16140 znaków
23:49:20,918  INFO Project:248 - Project: W¹tek nr9 pobra³: 16140 znaków
23:49:20,918  INFO Project:248 - Project: W¹tek nr10 pobra³: 21327 znaków
23:49:20,919  INFO Project:248 - Project: W¹tek nr11 pobra³: 89463 znaków
23:49:20,919  INFO Project:248 - Project: W¹tek nr12 pobra³: 16140 znaków
23:49:20,919  INFO Project:248 - Project: W¹tek nr13 pobra³: 89463 znaków
23:49:20,920  INFO Project:248 - Project: W¹tek nr14 pobra³: 16140 znaków
23:49:20,920  INFO Project:248 - Project: W¹tek nr15 pobra³: 89463 znaków
23:49:20,920  INFO Project:248 - Project: W¹tek nr16 pobra³: 16140 znaków
23:54:00,188  INFO Project:189 - Project: Poprawenie zaincjalizowano - czekam na instrukcje.
23:54:02,293  INFO Project:215 - Following web pages number will be downloaded: 17
23:54:08,661  INFO Project:253 - Project: W¹tek nr0 pobra³: 89463 znaków
23:54:08,661  INFO Project:253 - Project: W¹tek nr1 pobra³: 16140 znaków
23:54:08,662  INFO Project:253 - Project: W¹tek nr2 pobra³: 21327 znaków
23:54:08,662  INFO Project:253 - Project: W¹tek nr3 pobra³: 89463 znaków
23:54:08,662  INFO Project:253 - Project: W¹tek nr4 pobra³: 16140 znaków
23:54:08,663  INFO Project:253 - Project: W¹tek nr5 pobra³: 89463 znaków
23:54:08,663  INFO Project:253 - Project: W¹tek nr6 pobra³: 16140 znaków
23:54:08,663  INFO Project:253 - Project: W¹tek nr7 pobra³: 89463 znaków
23:54:08,663  INFO Project:253 - Project: W¹tek nr8 pobra³: 16140 znaków
23:54:08,664  INFO Project:253 - Project: W¹tek nr9 pobra³: 16140 znaków
23:54:08,664  INFO Project:253 - Project: W¹tek nr10 pobra³: 21327 znaków
23:54:08,664  INFO Project:253 - Project: W¹tek nr11 pobra³: 89463 znaków
23:54:08,665  INFO Project:253 - Project: W¹tek nr12 pobra³: 16140 znaków
23:54:08,665  INFO Project:253 - Project: W¹tek nr13 pobra³: 89463 znaków
23:54:08,665  INFO Project:253 - Project: W¹tek nr14 pobra³: 16140 znaków
23:54:08,666  INFO Project:253 - Project: W¹tek nr15 pobra³: 89463 znaków
23:54:08,666  INFO Project:253 - Project: W¹tek nr16 pobra³: 16140 znaków
23:54:51,715  INFO Project:189 - Project: Poprawenie zaincjalizowano - czekam na instrukcje.
23:54:54,030  INFO Project:215 - Following web pages number will be downloaded: 17
23:54:58,439  INFO Project:253 - Project: W¹tek nr0 pobra³: 89463 znaków
23:54:58,440  INFO Project:253 - Project: W¹tek nr1 pobra³: 16140 znaków
23:54:58,440  INFO Project:253 - Project: W¹tek nr2 pobra³: 21327 znaków
23:54:58,441  INFO Project:253 - Project: W¹tek nr3 pobra³: 89463 znaków
23:54:58,441  INFO Project:253 - Project: W¹tek nr4 pobra³: 16140 znaków
23:54:58,441  INFO Project:253 - Project: W¹tek nr5 pobra³: 89463 znaków
23:54:58,442  INFO Project:253 - Project: W¹tek nr6 pobra³: 16140 znaków
23:54:58,442  INFO Project:253 - Project: W¹tek nr7 pobra³: 89463 znaków
23:54:58,442  INFO Project:253 - Project: W¹tek nr8 pobra³: 16140 znaków
23:54:58,443  INFO Project:253 - Project: W¹tek nr9 pobra³: 16140 znaków
23:54:58,443  INFO Project:253 - Project: W¹tek nr10 pobra³: 21327 znaków
23:54:58,443  INFO Project:253 - Project: W¹tek nr11 pobra³: 89463 znaków
23:54:58,443  INFO Project:253 - Project: W¹tek nr12 pobra³: 16140 znaków
23:54:58,444  INFO Project:253 - Project: W¹tek nr13 pobra³: 89463 znaków
23:54:58,444  INFO Project:253 - Project: W¹tek nr14 pobra³: 16140 znaków
23:54:58,444  INFO Project:253 - Project: W¹tek nr15 pobra³: 89463 znaków
23:54:58,445  INFO Project:253 - Project: W¹tek nr16 pobra³: 16140 znaków
23:55:21,579  INFO Project:189 - Project: Poprawenie zaincjalizowano - czekam na instrukcje.
23:55:23,468  INFO Project:215 - Following web pages number will be downloaded: 17
23:55:27,746  INFO Project:253 - Project: W¹tek nr0 pobra³: 89463 znaków
23:55:27,747  INFO Project:253 - Project: W¹tek nr1 pobra³: 16140 znaków
23:55:27,747  INFO Project:253 - Project: W¹tek nr2 pobra³: 21327 znaków
23:55:27,748  INFO Project:253 - Project: W¹tek nr3 pobra³: 89463 znaków
23:55:27,748  INFO Project:253 - Project: W¹tek nr4 pobra³: 16140 znaków
23:55:27,748  INFO Project:253 - Project: W¹tek nr5 pobra³: 89463 znaków
23:55:27,748  INFO Project:253 - Project: W¹tek nr6 pobra³: 16140 znaków
23:55:27,749  INFO Project:253 - Project: W¹tek nr7 pobra³: 89463 znaków
23:55:27,749  INFO Project:253 - Project: W¹tek nr8 pobra³: 16140 znaków
23:55:27,749  INFO Project:253 - Project: W¹tek nr9 pobra³: 16140 znaków
23:55:27,750  INFO Project:253 - Project: W¹tek nr10 pobra³: 21327 znaków
23:55:27,750  INFO Project:253 - Project: W¹tek nr11 pobra³: 89463 znaków
23:55:27,750  INFO Project:253 - Project: W¹tek nr12 pobra³: 16140 znaków
23:55:27,751  INFO Project:253 - Project: W¹tek nr13 pobra³: 89463 znaków
23:55:27,751  INFO Project:253 - Project: W¹tek nr14 pobra³: 16140 znaków
23:55:27,751  INFO Project:253 - Project: W¹tek nr15 pobra³: 89463 znaków
23:55:27,751  INFO Project:253 - Project: W¹tek nr16 pobra³: 16140 znaków
23:55:42,292  INFO Project:215 - Following web pages number will be downloaded: 17
23:55:45,847  INFO Project:253 - Project: W¹tek nr0 pobra³: 89463 znaków
23:55:45,848  INFO Project:253 - Project: W¹tek nr1 pobra³: 16140 znaków
23:55:45,848  INFO Project:253 - Project: W¹tek nr2 pobra³: 21327 znaków
23:55:45,848  INFO Project:253 - Project: W¹tek nr3 pobra³: 89463 znaków
23:55:45,849  INFO Project:253 - Project: W¹tek nr4 pobra³: 16140 znaków
23:55:45,849  INFO Project:253 - Project: W¹tek nr5 pobra³: 89463 znaków
23:55:45,849  INFO Project:253 - Project: W¹tek nr6 pobra³: 16140 znaków
23:55:45,849  INFO Project:253 - Project: W¹tek nr7 pobra³: 89463 znaków
23:55:45,850  INFO Project:253 - Project: W¹tek nr8 pobra³: 16140 znaków
23:55:45,850  INFO Project:253 - Project: W¹tek nr9 pobra³: 16140 znaków
23:55:45,851  INFO Project:253 - Project: W¹tek nr10 pobra³: 21327 znaków
23:55:45,851  INFO Project:253 - Project: W¹tek nr11 pobra³: 89463 znaków
23:55:45,851  INFO Project:253 - Project: W¹tek nr12 pobra³: 16140 znaków
23:55:45,851  INFO Project:253 - Project: W¹tek nr13 pobra³: 89463 znaków
23:55:45,852  INFO Project:253 - Project: W¹tek nr14 pobra³: 16140 znaków
23:55:45,852  INFO Project:253 - Project: W¹tek nr15 pobra³: 89463 znaków
23:55:45,852  INFO Project:253 - Project: W¹tek nr16 pobra³: 16140 znaków
23:55:48,811 ERROR Project:317 - "Wczytaj Strony": Blad przy otwieraniu pliku
23:55:48,812  INFO Project:318 - "Wczytaj Strony": Przywrócono domyœln¹ nazwê pliku
23:55:51,164  INFO Project:313 - "Wczytaj Strony": Pomyslnie zaimportowano 3 adresow.
00:10:05,764  INFO Project:199 - Project: Poprawenie zaincjalizowano - czekam na instrukcje.
00:10:07,826  INFO Project:225 - Following web pages number will be downloaded: 1
00:10:10,250  INFO Project:263 - Project: W¹tek nr0 pobra³: 188542 znaków
00:10:27,651  INFO Project:199 - Project: Poprawenie zaincjalizowano - czekam na instrukcje.
00:10:29,708  INFO Project:225 - Following web pages number will be downloaded: 1
00:10:33,040  INFO Project:263 - Project: W¹tek nr0 pobra³: 100149 znaków
00:14:01,967  INFO Project:203 - Project: Poprawenie zaincjalizowano - czekam na instrukcje.
00:14:06,011  INFO Project:229 - Following web pages number will be downloaded: 1
00:14:09,277  INFO Project:267 - Project: W¹tek nr0 pobra³: 99888 znaków
00:15:04,256  INFO Project:251 - Project: Poprawenie zaincjalizowano - czekam na instrukcje.
00:15:06,449  INFO Project:277 - Following web pages number will be downloaded: 1
00:17:51,874  INFO Project:251 - Project: Poprawenie zaincjalizowano - czekam na instrukcje.
00:17:53,996  INFO Project:277 - Following web pages number will be downloaded: 1
00:21:09,224  INFO Project:253 - Project: Poprawenie zaincjalizowano - czekam na instrukcje.
00:21:11,793  INFO Project:279 - Following web pages number will be downloaded: 1
00:24:47,545  INFO Project:253 - Project: Poprawenie zaincjalizowano - czekam na instrukcje.
00:24:51,141  INFO Project:279 - Following web pages number will be downloaded: 1
00:27:41,849  INFO Project:253 - Project: Poprawenie zaincjalizowano - czekam na instrukcje.
00:27:44,044  INFO Project:279 - Following web pages number will be downloaded: 1
00:29:57,049  INFO Project:253 - Project: Poprawenie zaincjalizowano - czekam na instrukcje.
00:29:59,475  INFO Project:279 - Following web pages number will be downloaded: 1
00:31:43,359  INFO Project:253 - Project: Poprawenie zaincjalizowano - czekam na instrukcje.
00:31:45,712  INFO Project:279 - Following web pages number will be downloaded: 1
00:32:55,620  INFO Project:253 - Project: Poprawenie zaincjalizowano - czekam na instrukcje.
00:32:57,761  INFO Project:279 - Following web pages number will be downloaded: 1
00:33:54,131  INFO Project:253 - Project: Poprawenie zaincjalizowano - czekam na instrukcje.
00:34:46,699  INFO Project:279 - Following web pages number will be downloaded: 1
00:40:38,050  INFO Project:253 - Project: Poprawenie zaincjalizowano - czekam na instrukcje.
00:40:40,412  INFO Project:279 - Following web pages number will be downloaded: 1
00:43:21,107  INFO Project:254 - Project: Poprawenie zaincjalizowano - czekam na instrukcje.
00:43:23,783  INFO Project:280 - Following web pages number will be downloaded: 1
00:47:49,169  INFO Project:254 - Project: Poprawenie zaincjalizowano - czekam na instrukcje.
00:47:51,380  INFO Project:280 - Following web pages number will be downloaded: 1
00:47:59,033  INFO Project:318 - Project: W¹tek nr0 pobra³: 186812 znaków
00:49:33,447  INFO Project:254 - Project: Poprawenie zaincjalizowano - czekam na instrukcje.
00:49:36,091  INFO Project:280 - Following web pages number will be downloaded: 1
00:49:38,970  INFO Project:318 - Project: W¹tek nr0 pobra³: 181388 znaków
00:49:46,121  INFO Project:280 - Following web pages number will be downloaded: 1
00:49:47,171  INFO Project:318 - Project: W¹tek nr0 pobra³: 130595 znaków
00:50:03,641  INFO Project:254 - Project: Poprawenie zaincjalizowano - czekam na instrukcje.
00:50:05,910  INFO Project:280 - Following web pages number will be downloaded: 5
00:50:11,658  INFO Project:318 - Project: W¹tek nr0 pobra³: 100217 znaków
00:50:11,659  INFO Project:318 - Project: W¹tek nr1 pobra³: 99808 znaków
00:50:11,660  INFO Project:318 - Project: W¹tek nr2 pobra³: 100051 znaków
00:50:11,661  INFO Project:318 - Project: W¹tek nr3 pobra³: 130595 znaków
00:50:11,662  INFO Project:318 - Project: W¹tek nr4 pobra³: 130595 znaków
00:50:37,407  INFO Project:254 - Project: Poprawenie zaincjalizowano - czekam na instrukcje.
00:50:40,117  INFO Project:280 - Following web pages number will be downloaded: 5
00:50:45,538  INFO Project:318 - Project: W¹tek nr0 pobra³: 99903 znaków
00:50:45,539  INFO Project:318 - Project: W¹tek nr1 pobra³: 130595 znaków
00:50:45,540  INFO Project:318 - Project: W¹tek nr2 pobra³: 99763 znaków
00:50:45,542  INFO Project:318 - Project: W¹tek nr3 pobra³: 100544 znaków
00:50:45,542  INFO Project:318 - Project: W¹tek nr4 pobra³: 130595 znaków
20:49:07,226  INFO Project:254 - Project: Poprawenie zaincjalizowano - czekam na instrukcje.
20:49:12,181 ERROR Project:317 - "Wczytaj Strony": Blad przy otwieraniu pliku
20:49:12,182  INFO Project:318 - "Wczytaj Strony": Przywrócono domyœln¹ nazwê pliku
20:49:16,440  INFO Project:313 - "Wczytaj Strony": Pomyslnie zaimportowano 3 adresow.
20:49:23,632  INFO Project:280 - Following web pages number will be downloaded: 5
20:49:26,450 ERROR jericho:? - StartTag img at (r1620,c68,p74757) has missing whitespace after quoted attribute value at position (r1620,c200,p74889)
20:49:26,451 ERROR jericho:? - StartTag img at (r1620,c68,p74757) contains attribute name with invalid character at position (r1620,c210,p74899)
20:49:26,452 ERROR jericho:? - StartTag img at (r1620,c68,p74757) has missing whitespace after quoted attribute value at position (r1620,c212,p74901)
20:49:26,453 ERROR jericho:? - StartTag img at (r1620,c68,p74757) has missing whitespace after quoted attribute value at position (r1620,c223,p74912)
20:49:26,454 ERROR jericho:? - StartTag img at (r1620,c68,p74757) rejected because it contains too many errors
20:49:26,455 ERROR jericho:? - Encountered possible StartTag at (r1620,c68,p74757) whose content does not match a registered StartTagType
20:49:27,937 ERROR jericho:? - StartTag img at (r1620,c68,p74757) has missing whitespace after quoted attribute value at position (r1620,c200,p74889)
20:49:27,938 ERROR jericho:? - StartTag img at (r1620,c68,p74757) contains attribute name with invalid character at position (r1620,c210,p74899)
20:49:27,939 ERROR jericho:? - StartTag img at (r1620,c68,p74757) has missing whitespace after quoted attribute value at position (r1620,c212,p74901)
20:49:27,940 ERROR jericho:? - StartTag img at (r1620,c68,p74757) has missing whitespace after quoted attribute value at position (r1620,c223,p74912)
20:49:27,941 ERROR jericho:? - StartTag img at (r1620,c68,p74757) rejected because it contains too many errors
20:49:27,942 ERROR jericho:? - Encountered possible StartTag at (r1620,c68,p74757) whose content does not match a registered StartTagType
20:49:28,134  INFO Project:318 - Project: W¹tek nr0 pobra³: 126152 znaków
20:49:28,135  INFO Project:318 - Project: W¹tek nr1 pobra³: 141158 znaków
20:49:28,136  INFO Project:318 - Project: W¹tek nr2 pobra³: 126087 znaków
20:49:28,138  INFO Project:318 - Project: W¹tek nr3 pobra³: 125981 znaków
20:49:28,139  INFO Project:318 - Project: W¹tek nr4 pobra³: 141158 znaków
20:50:47,726  INFO Project:280 - Following web pages number will be downloaded: 5
20:50:49,017 ERROR jericho:? - StartTag img at (r1620,c68,p74757) has missing whitespace after quoted attribute value at position (r1620,c200,p74889)
20:50:49,018 ERROR jericho:? - StartTag img at (r1620,c68,p74757) contains attribute name with invalid character at position (r1620,c210,p74899)
20:50:49,019 ERROR jericho:? - StartTag img at (r1620,c68,p74757) has missing whitespace after quoted attribute value at position (r1620,c212,p74901)
20:50:49,019 ERROR jericho:? - StartTag img at (r1620,c68,p74757) has missing whitespace after quoted attribute value at position (r1620,c223,p74912)
20:50:49,020 ERROR jericho:? - StartTag img at (r1620,c68,p74757) rejected because it contains too many errors
20:50:49,021 ERROR jericho:? - Encountered possible StartTag at (r1620,c68,p74757) whose content does not match a registered StartTagType
20:50:50,379 ERROR jericho:? - StartTag img at (r1620,c68,p74757) has missing whitespace after quoted attribute value at position (r1620,c200,p74889)
20:50:50,380 ERROR jericho:? - StartTag img at (r1620,c68,p74757) contains attribute name with invalid character at position (r1620,c210,p74899)
20:50:50,381 ERROR jericho:? - StartTag img at (r1620,c68,p74757) has missing whitespace after quoted attribute value at position (r1620,c212,p74901)
20:50:50,381 ERROR jericho:? - StartTag img at (r1620,c68,p74757) has missing whitespace after quoted attribute value at position (r1620,c223,p74912)
20:50:50,382 ERROR jericho:? - StartTag img at (r1620,c68,p74757) rejected because it contains too many errors
20:50:50,382 ERROR jericho:? - Encountered possible StartTag at (r1620,c68,p74757) whose content does not match a registered StartTagType
20:50:50,812  INFO Project:318 - Project: W¹tek nr0 pobra³: 126228 znaków
20:50:50,814  INFO Project:318 - Project: W¹tek nr1 pobra³: 141158 znaków
20:50:50,815  INFO Project:318 - Project: W¹tek nr2 pobra³: 125875 znaków
20:50:50,815  INFO Project:318 - Project: W¹tek nr3 pobra³: 126484 znaków
20:50:50,815  INFO Project:318 - Project: W¹tek nr4 pobra³: 210202 znaków
20:50:53,286  INFO Project:280 - Following web pages number will be downloaded: 5
20:50:54,414 ERROR jericho:? - StartTag img at (r1620,c68,p74757) has missing whitespace after quoted attribute value at position (r1620,c200,p74889)
20:50:54,415 ERROR jericho:? - StartTag img at (r1620,c68,p74757) contains attribute name with invalid character at position (r1620,c210,p74899)
20:50:54,416 ERROR jericho:? - StartTag img at (r1620,c68,p74757) has missing whitespace after quoted attribute value at position (r1620,c212,p74901)
20:50:54,416 ERROR jericho:? - StartTag img at (r1620,c68,p74757) has missing whitespace after quoted attribute value at position (r1620,c223,p74912)
20:50:54,417 ERROR jericho:? - StartTag img at (r1620,c68,p74757) rejected because it contains too many errors
20:50:54,417 ERROR jericho:? - Encountered possible StartTag at (r1620,c68,p74757) whose content does not match a registered StartTagType
20:50:55,514  INFO Project:318 - Project: W¹tek nr0 pobra³: 126040 znaków
20:50:55,515  INFO Project:318 - Project: W¹tek nr1 pobra³: 210202 znaków
20:50:55,516  INFO Project:318 - Project: W¹tek nr2 pobra³: 125936 znaków
20:50:55,517  INFO Project:318 - Project: W¹tek nr3 pobra³: 125900 znaków
20:50:55,518  INFO Project:318 - Project: W¹tek nr4 pobra³: 141158 znaków
20:51:01,382  INFO Project:280 - Following web pages number will be downloaded: 5
20:51:02,645 ERROR jericho:? - StartTag img at (r1620,c68,p74757) has missing whitespace after quoted attribute value at position (r1620,c200,p74889)
20:51:02,647 ERROR jericho:? - StartTag img at (r1620,c68,p74757) contains attribute name with invalid character at position (r1620,c210,p74899)
20:51:02,649 ERROR jericho:? - StartTag img at (r1620,c68,p74757) has missing whitespace after quoted attribute value at position (r1620,c212,p74901)
20:51:02,652 ERROR jericho:? - StartTag img at (r1620,c68,p74757) has missing whitespace after quoted attribute value at position (r1620,c223,p74912)
20:51:02,654 ERROR jericho:? - StartTag img at (r1620,c68,p74757) rejected because it contains too many errors
20:51:02,655 ERROR jericho:? - Encountered possible StartTag at (r1620,c68,p74757) whose content does not match a registered StartTagType
20:51:04,138  INFO Project:318 - Project: W¹tek nr0 pobra³: 126541 znaków
20:51:04,138  INFO Project:318 - Project: W¹tek nr1 pobra³: 210202 znaków
20:51:04,139  INFO Project:318 - Project: W¹tek nr2 pobra³: 126135 znaków
20:51:04,141  INFO Project:318 - Project: W¹tek nr3 pobra³: 125646 znaków
20:51:04,142  INFO Project:318 - Project: W¹tek nr4 pobra³: 141158 znaków
